0 info it worked if it ends with ok
1 verbose cli [ 'C:\\Program Files (x86)\\Microsoft Visual Studio 14.0\\Web\\External\\node.exe',
1 verbose cli   'C:\\Program Files (x86)\\Microsoft Visual Studio 14.0\\Web\\External\\node_modules\\npm\\bin\\npm-cli.js',
1 verbose cli   'i',
1 verbose cli   '@types/iframe-resizer' ]
2 info using npm@3.3.4
3 info using node@v5.4.1
4 silly loadCurrentTree Starting
5 silly install loadCurrentTree
6 silly install readLocalPackageData
7 silly fetchPackageMetaData @types/iframe-resizer
8 silly fetchNamedPackageData @types/iframe-resizer
9 silly mapToRegistry name @types/iframe-resizer
10 silly mapToRegistry scope (from package name) @types
11 verbose mapToRegistry no registry URL found in name for scope @types
12 silly mapToRegistry using default registry
13 silly mapToRegistry registry https://registry.npmjs.org/
14 silly mapToRegistry uri https://registry.npmjs.org/@types%2fiframe-resizer
15 verbose request uri https://registry.npmjs.org/@types%2fiframe-resizer
16 verbose request no auth needed
17 info attempt registry request try #1 at 4:52:32 PM
18 verbose request id f099d567bb74e807
19 http request GET https://registry.npmjs.org/@types%2fiframe-resizer
20 http 404 https://registry.npmjs.org/@types%2fiframe-resizer
21 verbose headers { 'content-type': 'application/json',
21 verbose headers   'cache-control': 'max-age=0',
21 verbose headers   'content-length': '2',
21 verbose headers   'accept-ranges': 'bytes',
21 verbose headers   date: 'Tue, 03 Jan 2017 15:52:33 GMT',
21 verbose headers   via: '1.1 varnish',
21 verbose headers   age: '0',
21 verbose headers   connection: 'keep-alive',
21 verbose headers   'x-served-by': 'cache-fra1246-FRA',
21 verbose headers   'x-cache': 'MISS',
21 verbose headers   'x-cache-hits': '0',
21 verbose headers   'x-timer': 'S1483458753.138423,VS0,VE302',
21 verbose headers   vary: 'Accept-Encoding' }
22 silly get cb [ 404,
22 silly get   { 'content-type': 'application/json',
22 silly get     'cache-control': 'max-age=0',
22 silly get     'content-length': '2',
22 silly get     'accept-ranges': 'bytes',
22 silly get     date: 'Tue, 03 Jan 2017 15:52:33 GMT',
22 silly get     via: '1.1 varnish',
22 silly get     age: '0',
22 silly get     connection: 'keep-alive',
22 silly get     'x-served-by': 'cache-fra1246-FRA',
22 silly get     'x-cache': 'MISS',
22 silly get     'x-cache-hits': '0',
22 silly get     'x-timer': 'S1483458753.138423,VS0,VE302',
22 silly get     vary: 'Accept-Encoding' } ]
23 silly fetchPackageMetaData Error: Registry returned 404 for GET on https://registry.npmjs.org/@types%2fiframe-resizer
23 silly fetchPackageMetaData     at makeError (C:\Program Files (x86)\Microsoft Visual Studio 14.0\Web\External\node_modules\npm-registry-client\lib\request.js:264:12)
23 silly fetchPackageMetaData     at CachingRegistryClient.<anonymous> (C:\Program Files (x86)\Microsoft Visual Studio 14.0\Web\External\node_modules\npm-registry-client\lib\request.js:242:14)
23 silly fetchPackageMetaData     at Request._callback (C:\Program Files (x86)\Microsoft Visual Studio 14.0\Web\External\node_modules\npm-registry-client\lib\request.js:172:14)
23 silly fetchPackageMetaData     at Request.self.callback (C:\Program Files (x86)\Microsoft Visual Studio 14.0\Web\External\node_modules\request\request.js:344:22)
23 silly fetchPackageMetaData     at emitTwo (events.js:87:13)
23 silly fetchPackageMetaData     at Request.emit (events.js:172:7)
23 silly fetchPackageMetaData     at Request.<anonymous> (C:\Program Files (x86)\Microsoft Visual Studio 14.0\Web\External\node_modules\request\request.js:1239:14)
23 silly fetchPackageMetaData     at emitOne (events.js:82:20)
23 silly fetchPackageMetaData     at Request.emit (events.js:169:7)
23 silly fetchPackageMetaData     at IncomingMessage.<anonymous> (C:\Program Files (x86)\Microsoft Visual Studio 14.0\Web\External\node_modules\request\request.js:1187:12)
23 silly fetchPackageMetaData  error for @types/iframe-resizer { [Error: Registry returned 404 for GET on https://registry.npmjs.org/@types%2fiframe-resizer] pkgid: '@types/iframe-resizer', statusCode: 404, code: 'E404' }
24 silly rollbackFailedOptional Starting
25 silly rollbackFailedOptional Finishing
26 silly runTopLevelLifecycles Starting
27 silly runTopLevelLifecycles Finishing
28 silly install printInstalled
29 verbose stack Error: Registry returned 404 for GET on https://registry.npmjs.org/@types%2fiframe-resizer
29 verbose stack     at makeError (C:\Program Files (x86)\Microsoft Visual Studio 14.0\Web\External\node_modules\npm-registry-client\lib\request.js:264:12)
29 verbose stack     at CachingRegistryClient.<anonymous> (C:\Program Files (x86)\Microsoft Visual Studio 14.0\Web\External\node_modules\npm-registry-client\lib\request.js:242:14)
29 verbose stack     at Request._callback (C:\Program Files (x86)\Microsoft Visual Studio 14.0\Web\External\node_modules\npm-registry-client\lib\request.js:172:14)
29 verbose stack     at Request.self.callback (C:\Program Files (x86)\Microsoft Visual Studio 14.0\Web\External\node_modules\request\request.js:344:22)
29 verbose stack     at emitTwo (events.js:87:13)
29 verbose stack     at Request.emit (events.js:172:7)
29 verbose stack     at Request.<anonymous> (C:\Program Files (x86)\Microsoft Visual Studio 14.0\Web\External\node_modules\request\request.js:1239:14)
29 verbose stack     at emitOne (events.js:82:20)
29 verbose stack     at Request.emit (events.js:169:7)
29 verbose stack     at IncomingMessage.<anonymous> (C:\Program Files (x86)\Microsoft Visual Studio 14.0\Web\External\node_modules\request\request.js:1187:12)
30 verbose statusCode 404
31 verbose pkgid @types/iframe-resizer
32 verbose cwd C:\Workspace\reponsive-iframe
33 error Windows_NT 6.3.9600
34 error argv "C:\\Program Files (x86)\\Microsoft Visual Studio 14.0\\Web\\External\\node.exe" "C:\\Program Files (x86)\\Microsoft Visual Studio 14.0\\Web\\External\\node_modules\\npm\\bin\\npm-cli.js" "i" "@types/iframe-resizer"
35 error node v5.4.1
36 error npm  v3.3.4
37 error code E404
38 error 404 Registry returned 404 for GET on https://registry.npmjs.org/@types%2fiframe-resizer
38 error 404
38 error 404 '@types/iframe-resizer' is not in the npm registry.
38 error 404 You should bug the author to publish it (or use the name yourself!)
38 error 404
38 error 404 Note that you can also install from a
38 error 404 tarball, folder, http url, or git url.
39 verbose exit [ 1, true ]
